{"/mnt/c/Users/STD/projects/codefellows/401/data-structures-and-algorithms/challenges/array-binary-search/lib/array-binary-search.js": {"path":"/mnt/c/Users/STD/projects/codefellows/401/data-structures-and-algorithms/challenges/array-binary-search/lib/array-binary-search.js","statementMap":{"0":{"start":{"line":2,"column":2},"end":{"line":6,"column":3}},"1":{"start":{"line":2,"column":12},"end":{"line":2,"column":13}},"2":{"start":{"line":3,"column":4},"end":{"line":5,"column":5}},"3":{"start":{"line":4,"column":6},"end":{"line":4,"column":16}},"4":{"start":{"line":7,"column":2},"end":{"line":7,"column":12}},"5":{"start":{"line":10,"column":0},"end":{"line":10,"column":30}}},"fnMap":{"0":{"name":"BinarySearch","decl":{"start":{"line":1,"column":9},"end":{"line":1,"column":21}},"loc":{"start":{"line":1,"column":30},"end":{"line":8,"column":1}},"line":1}},"branchMap":{"0":{"loc":{"start":{"line":3,"column":4},"end":{"line":5,"column":5}},"type":"if","locations":[{"start":{"line":3,"column":4},"end":{"line":5,"column":5}},{"start":{"line":3,"column":4},"end":{"line":5,"column":5}}],"line":3}},"s":{"0":2,"1":2,"2":10,"3":1,"4":1,"5":1},"f":{"0":2},"b":{"0":[1,9]},"_coverageSchema":"1a1c01bbd47fc00a2c39e90264f33305004495a9","hash":"8ff644f98aa82b380985677e561705ed1e75723c"}
,"/mnt/c/Users/STD/projects/codefellows/401/data-structures-and-algorithms/challenges/arrayReverse/lib/array-reverse.js": {"path":"/mnt/c/Users/STD/projects/codefellows/401/data-structures-and-algorithms/challenges/arrayReverse/lib/array-reverse.js","statementMap":{"0":{"start":{"line":4,"column":16},"end":{"line":4,"column":18}},"1":{"start":{"line":5,"column":2},"end":{"line":7,"column":3}},"2":{"start":{"line":5,"column":15},"end":{"line":5,"column":29}},"3":{"start":{"line":6,"column":4},"end":{"line":6,"column":25}},"4":{"start":{"line":8,"column":2},"end":{"line":8,"column":17}},"5":{"start":{"line":11,"column":0},"end":{"line":11,"column":30}}},"fnMap":{"0":{"name":"reverseArray","decl":{"start":{"line":3,"column":9},"end":{"line":3,"column":21}},"loc":{"start":{"line":3,"column":27},"end":{"line":9,"column":1}},"line":3}},"branchMap":{},"s":{"0":1,"1":1,"2":1,"3":6,"4":1,"5":1},"f":{"0":1},"b":{},"_coverageSchema":"1a1c01bbd47fc00a2c39e90264f33305004495a9","hash":"2c4e3b1e2baf629637d4626eb83ba0f48b71a277"}
,"/mnt/c/Users/STD/projects/codefellows/401/data-structures-and-algorithms/challenges/arrayShift/lib/array-shift.js": {"path":"/mnt/c/Users/STD/projects/codefellows/401/data-structures-and-algorithms/challenges/arrayShift/lib/array-shift.js","statementMap":{"0":{"start":{"line":3,"column":14},"end":{"line":3,"column":16}},"1":{"start":{"line":4,"column":2},"end":{"line":6,"column":3}},"2":{"start":{"line":4,"column":14},"end":{"line":4,"column":15}},"3":{"start":{"line":5,"column":4},"end":{"line":5,"column":30}},"4":{"start":{"line":7,"column":2},"end":{"line":7,"column":20}},"5":{"start":{"line":8,"column":14},"end":{"line":8,"column":33}},"6":{"start":{"line":9,"column":2},"end":{"line":9,"column":16}},"7":{"start":{"line":11,"column":0},"end":{"line":11,"column":45}},"8":{"start":{"line":12,"column":0},"end":{"line":12,"column":43}},"9":{"start":{"line":13,"column":0},"end":{"line":13,"column":49}},"10":{"start":{"line":15,"column":0},"end":{"line":15,"column":34}}},"fnMap":{"0":{"name":"insertShiftArray","decl":{"start":{"line":2,"column":9},"end":{"line":2,"column":25}},"loc":{"start":{"line":2,"column":37},"end":{"line":10,"column":1}},"line":2}},"branchMap":{},"s":{"0":6,"1":6,"2":6,"3":16,"4":6,"5":6,"6":6,"7":1,"8":1,"9":1,"10":1},"f":{"0":6},"b":{},"_coverageSchema":"1a1c01bbd47fc00a2c39e90264f33305004495a9","hash":"95a9722e330ce36ba67caed19dc33d6edf3023dc"}
,"/mnt/c/Users/STD/projects/codefellows/401/data-structures-and-algorithms/challenges/linked-list/lib/linked-list.js": {"path":"/mnt/c/Users/STD/projects/codefellows/401/data-structures-and-algorithms/challenges/linked-list/lib/linked-list.js","statementMap":{"0":{"start":{"line":4,"column":13},"end":{"line":4,"column":33}},"1":{"start":{"line":7,"column":4},"end":{"line":7,"column":21}},"2":{"start":{"line":10,"column":17},"end":{"line":10,"column":32}},"3":{"start":{"line":11,"column":4},"end":{"line":14,"column":5}},"4":{"start":{"line":12,"column":6},"end":{"line":12,"column":23}},"5":{"start":{"line":13,"column":6},"end":{"line":13,"column":18}},"6":{"start":{"line":15,"column":22},"end":{"line":15,"column":31}},"7":{"start":{"line":16,"column":4},"end":{"line":18,"column":5}},"8":{"start":{"line":17,"column":6},"end":{"line":17,"column":37}},"9":{"start":{"line":19,"column":4},"end":{"line":19,"column":28}},"10":{"start":{"line":20,"column":4},"end":{"line":20,"column":16}},"11":{"start":{"line":23,"column":15},"end":{"line":23,"column":24}},"12":{"start":{"line":24,"column":4},"end":{"line":29,"column":5}},"13":{"start":{"line":25,"column":6},"end":{"line":27,"column":7}},"14":{"start":{"line":26,"column":8},"end":{"line":26,"column":20}},"15":{"start":{"line":28,"column":6},"end":{"line":28,"column":23}},"16":{"start":{"line":30,"column":4},"end":{"line":30,"column":17}},"17":{"start":{"line":33,"column":23},"end":{"line":33,"column":25}},"18":{"start":{"line":34,"column":15},"end":{"line":34,"column":24}},"19":{"start":{"line":35,"column":4},"end":{"line":38,"column":5}},"20":{"start":{"line":36,"column":6},"end":{"line":36,"column":42}},"21":{"start":{"line":37,"column":6},"end":{"line":37,"column":23}},"22":{"start":{"line":39,"column":4},"end":{"line":39,"column":27}},"23":{"start":{"line":40,"column":4},"end":{"line":40,"column":24}},"24":{"start":{"line":44,"column":17},"end":{"line":44,"column":32}},"25":{"start":{"line":45,"column":4},"end":{"line":48,"column":5}},"26":{"start":{"line":46,"column":6},"end":{"line":46,"column":23}},"27":{"start":{"line":47,"column":6},"end":{"line":47,"column":18}},"28":{"start":{"line":49,"column":18},"end":{"line":49,"column":27}},"29":{"start":{"line":50,"column":4},"end":{"line":52,"column":5}},"30":{"start":{"line":51,"column":6},"end":{"line":51,"column":29}},"31":{"start":{"line":53,"column":4},"end":{"line":53,"column":24}},"32":{"start":{"line":54,"column":4},"end":{"line":54,"column":16}},"33":{"start":{"line":57,"column":4},"end":{"line":58,"column":25}},"34":{"start":{"line":58,"column":6},"end":{"line":58,"column":25}},"35":{"start":{"line":59,"column":15},"end":{"line":59,"column":31}},"36":{"start":{"line":60,"column":18},"end":{"line":60,"column":27}},"37":{"start":{"line":61,"column":4},"end":{"line":62,"column":33}},"38":{"start":{"line":62,"column":6},"end":{"line":62,"column":33}},"39":{"start":{"line":63,"column":4},"end":{"line":70,"column":5}},"40":{"start":{"line":64,"column":6},"end":{"line":68,"column":7}},"41":{"start":{"line":65,"column":8},"end":{"line":65,"column":33}},"42":{"start":{"line":66,"column":8},"end":{"line":66,"column":28}},"43":{"start":{"line":67,"column":8},"end":{"line":67,"column":20}},"44":{"start":{"line":69,"column":6},"end":{"line":69,"column":29}},"45":{"start":{"line":71,"column":4},"end":{"line":71,"column":23}},"46":{"start":{"line":74,"column":4},"end":{"line":75,"column":25}},"47":{"start":{"line":75,"column":6},"end":{"line":75,"column":25}},"48":{"start":{"line":76,"column":15},"end":{"line":76,"column":31}},"49":{"start":{"line":77,"column":18},"end":{"line":77,"column":27}},"50":{"start":{"line":78,"column":4},"end":{"line":85,"column":5}},"51":{"start":{"line":79,"column":6},"end":{"line":83,"column":7}},"52":{"start":{"line":80,"column":8},"end":{"line":80,"column":33}},"53":{"start":{"line":81,"column":8},"end":{"line":81,"column":28}},"54":{"start":{"line":82,"column":8},"end":{"line":82,"column":20}},"55":{"start":{"line":84,"column":6},"end":{"line":84,"column":29}},"56":{"start":{"line":86,"column":4},"end":{"line":86,"column":23}},"57":{"start":{"line":89,"column":18},"end":{"line":89,"column":27}},"58":{"start":{"line":90,"column":17},"end":{"line":90,"column":18}},"59":{"start":{"line":91,"column":14},"end":{"line":91,"column":15}},"60":{"start":{"line":92,"column":4},"end":{"line":95,"column":5}},"61":{"start":{"line":93,"column":6},"end":{"line":93,"column":15}},"62":{"start":{"line":94,"column":6},"end":{"line":94,"column":29}},"63":{"start":{"line":96,"column":4},"end":{"line":96,"column":25}},"64":{"start":{"line":97,"column":4},"end":{"line":98,"column":25}},"65":{"start":{"line":98,"column":6},"end":{"line":98,"column":25}},"66":{"start":{"line":99,"column":4},"end":{"line":99,"column":24}},"67":{"start":{"line":100,"column":4},"end":{"line":103,"column":5}},"68":{"start":{"line":101,"column":6},"end":{"line":101,"column":29}},"69":{"start":{"line":102,"column":6},"end":{"line":102,"column":12}},"70":{"start":{"line":104,"column":4},"end":{"line":104,"column":25}},"71":{"start":{"line":108,"column":0},"end":{"line":108,"column":28}}},"fnMap":{"0":{"name":"(anonymous_0)","decl":{"start":{"line":6,"column":2},"end":{"line":6,"column":3}},"loc":{"start":{"line":6,"column":16},"end":{"line":8,"column":3}},"line":6},"1":{"name":"(anonymous_1)","decl":{"start":{"line":9,"column":2},"end":{"line":9,"column":3}},"loc":{"start":{"line":9,"column":16},"end":{"line":21,"column":3}},"line":9},"2":{"name":"(anonymous_2)","decl":{"start":{"line":22,"column":2},"end":{"line":22,"column":3}},"loc":{"start":{"line":22,"column":18},"end":{"line":31,"column":3}},"line":22},"3":{"name":"(anonymous_3)","decl":{"start":{"line":32,"column":2},"end":{"line":32,"column":3}},"loc":{"start":{"line":32,"column":13},"end":{"line":41,"column":3}},"line":32},"4":{"name":"(anonymous_4)","decl":{"start":{"line":43,"column":2},"end":{"line":43,"column":3}},"loc":{"start":{"line":43,"column":16},"end":{"line":55,"column":3}},"line":43},"5":{"name":"(anonymous_5)","decl":{"start":{"line":56,"column":2},"end":{"line":56,"column":3}},"loc":{"start":{"line":56,"column":30},"end":{"line":72,"column":3}},"line":56},"6":{"name":"(anonymous_6)","decl":{"start":{"line":73,"column":2},"end":{"line":73,"column":3}},"loc":{"start":{"line":73,"column":29},"end":{"line":87,"column":3}},"line":73},"7":{"name":"(anonymous_7)","decl":{"start":{"line":88,"column":2},"end":{"line":88,"column":3}},"loc":{"start":{"line":88,"column":16},"end":{"line":105,"column":3}},"line":88}},"branchMap":{"0":{"loc":{"start":{"line":11,"column":4},"end":{"line":14,"column":5}},"type":"if","locations":[{"start":{"line":11,"column":4},"end":{"line":14,"column":5}},{"start":{"line":11,"column":4},"end":{"line":14,"column":5}}],"line":11},"1":{"loc":{"start":{"line":25,"column":6},"end":{"line":27,"column":7}},"type":"if","locations":[{"start":{"line":25,"column":6},"end":{"line":27,"column":7}},{"start":{"line":25,"column":6},"end":{"line":27,"column":7}}],"line":25},"2":{"loc":{"start":{"line":45,"column":4},"end":{"line":48,"column":5}},"type":"if","locations":[{"start":{"line":45,"column":4},"end":{"line":48,"column":5}},{"start":{"line":45,"column":4},"end":{"line":48,"column":5}}],"line":45},"3":{"loc":{"start":{"line":57,"column":4},"end":{"line":58,"column":25}},"type":"if","locations":[{"start":{"line":57,"column":4},"end":{"line":58,"column":25}},{"start":{"line":57,"column":4},"end":{"line":58,"column":25}}],"line":57},"4":{"loc":{"start":{"line":61,"column":4},"end":{"line":62,"column":33}},"type":"if","locations":[{"start":{"line":61,"column":4},"end":{"line":62,"column":33}},{"start":{"line":61,"column":4},"end":{"line":62,"column":33}}],"line":61},"5":{"loc":{"start":{"line":64,"column":6},"end":{"line":68,"column":7}},"type":"if","locations":[{"start":{"line":64,"column":6},"end":{"line":68,"column":7}},{"start":{"line":64,"column":6},"end":{"line":68,"column":7}}],"line":64},"6":{"loc":{"start":{"line":74,"column":4},"end":{"line":75,"column":25}},"type":"if","locations":[{"start":{"line":74,"column":4},"end":{"line":75,"column":25}},{"start":{"line":74,"column":4},"end":{"line":75,"column":25}}],"line":74},"7":{"loc":{"start":{"line":79,"column":6},"end":{"line":83,"column":7}},"type":"if","locations":[{"start":{"line":79,"column":6},"end":{"line":83,"column":7}},{"start":{"line":79,"column":6},"end":{"line":83,"column":7}}],"line":79},"8":{"loc":{"start":{"line":97,"column":4},"end":{"line":98,"column":25}},"type":"if","locations":[{"start":{"line":97,"column":4},"end":{"line":98,"column":25}},{"start":{"line":97,"column":4},"end":{"line":98,"column":25}}],"line":97},"9":{"loc":{"start":{"line":97,"column":8},"end":{"line":97,"column":24}},"type":"binary-expr","locations":[{"start":{"line":97,"column":8},"end":{"line":97,"column":15}},{"start":{"line":97,"column":19},"end":{"line":97,"column":24}}],"line":97}},"s":{"0":1,"1":12,"2":7,"3":7,"4":2,"5":2,"6":5,"7":5,"8":6,"9":5,"10":5,"11":2,"12":2,"13":2,"14":1,"15":1,"16":1,"17":1,"18":1,"19":1,"20":1,"21":1,"22":1,"23":1,"24":15,"25":15,"26":8,"27":8,"28":7,"29":7,"30":4,"31":7,"32":7,"33":3,"34":1,"35":2,"36":2,"37":2,"38":1,"39":1,"40":0,"41":0,"42":0,"43":0,"44":0,"45":1,"46":3,"47":1,"48":2,"49":2,"50":2,"51":2,"52":1,"53":1,"54":1,"55":1,"56":1,"57":7,"58":7,"59":7,"60":7,"61":23,"62":23,"63":7,"64":7,"65":3,"66":4,"67":4,"68":6,"69":6,"70":4,"71":1},"f":{"0":12,"1":7,"2":2,"3":1,"4":15,"5":3,"6":3,"7":7},"b":{"0":[2,5],"1":[1,1],"2":[8,7],"3":[1,2],"4":[1,1],"5":[0,0],"6":[1,2],"7":[1,1],"8":[3,4],"9":[7,5]},"_coverageSchema":"1a1c01bbd47fc00a2c39e90264f33305004495a9","hash":"a067947c48250510fa83faa4065a81f2a0659655"}
,"/mnt/c/Users/STD/projects/codefellows/401/data-structures-and-algorithms/challenges/linked-list/lib/llmerge.js": {"path":"/mnt/c/Users/STD/projects/codefellows/401/data-structures-and-algorithms/challenges/linked-list/lib/llmerge.js","statementMap":{"0":{"start":{"line":2,"column":17},"end":{"line":2,"column":49}},"1":{"start":{"line":4,"column":2},"end":{"line":28,"column":3}},"2":{"start":{"line":5,"column":14},"end":{"line":5,"column":30}},"3":{"start":{"line":6,"column":4},"end":{"line":8,"column":5}},"4":{"start":{"line":7,"column":6},"end":{"line":7,"column":37}},"5":{"start":{"line":9,"column":4},"end":{"line":11,"column":5}},"6":{"start":{"line":10,"column":6},"end":{"line":10,"column":37}},"7":{"start":{"line":12,"column":17},"end":{"line":12,"column":27}},"8":{"start":{"line":13,"column":17},"end":{"line":13,"column":27}},"9":{"start":{"line":14,"column":4},"end":{"line":23,"column":5}},"10":{"start":{"line":15,"column":6},"end":{"line":18,"column":7}},"11":{"start":{"line":16,"column":8},"end":{"line":16,"column":31}},"12":{"start":{"line":17,"column":8},"end":{"line":17,"column":37}},"13":{"start":{"line":19,"column":6},"end":{"line":22,"column":7}},"14":{"start":{"line":20,"column":8},"end":{"line":20,"column":31}},"15":{"start":{"line":21,"column":8},"end":{"line":21,"column":37}},"16":{"start":{"line":24,"column":4},"end":{"line":24,"column":17}},"17":{"start":{"line":27,"column":4},"end":{"line":27,"column":40}},"18":{"start":{"line":30,"column":0},"end":{"line":30,"column":26}}},"fnMap":{"0":{"name":"mergeLists","decl":{"start":{"line":3,"column":9},"end":{"line":3,"column":19}},"loc":{"start":{"line":3,"column":32},"end":{"line":29,"column":1}},"line":3}},"branchMap":{"0":{"loc":{"start":{"line":4,"column":2},"end":{"line":28,"column":3}},"type":"if","locations":[{"start":{"line":4,"column":2},"end":{"line":28,"column":3}},{"start":{"line":4,"column":2},"end":{"line":28,"column":3}}],"line":4},"1":{"loc":{"start":{"line":4,"column":5},"end":{"line":4,"column":19}},"type":"binary-expr","locations":[{"start":{"line":4,"column":5},"end":{"line":4,"column":10}},{"start":{"line":4,"column":14},"end":{"line":4,"column":19}}],"line":4},"2":{"loc":{"start":{"line":6,"column":4},"end":{"line":8,"column":5}},"type":"if","locations":[{"start":{"line":6,"column":4},"end":{"line":8,"column":5}},{"start":{"line":6,"column":4},"end":{"line":8,"column":5}}],"line":6},"3":{"loc":{"start":{"line":9,"column":4},"end":{"line":11,"column":5}},"type":"if","locations":[{"start":{"line":9,"column":4},"end":{"line":11,"column":5}},{"start":{"line":9,"column":4},"end":{"line":11,"column":5}}],"line":9},"4":{"loc":{"start":{"line":14,"column":10},"end":{"line":14,"column":40}},"type":"binary-expr","locations":[{"start":{"line":14,"column":10},"end":{"line":14,"column":23}},{"start":{"line":14,"column":27},"end":{"line":14,"column":40}}],"line":14},"5":{"loc":{"start":{"line":15,"column":6},"end":{"line":18,"column":7}},"type":"if","locations":[{"start":{"line":15,"column":6},"end":{"line":18,"column":7}},{"start":{"line":15,"column":6},"end":{"line":18,"column":7}}],"line":15},"6":{"loc":{"start":{"line":19,"column":6},"end":{"line":22,"column":7}},"type":"if","locations":[{"start":{"line":19,"column":6},"end":{"line":22,"column":7}},{"start":{"line":19,"column":6},"end":{"line":22,"column":7}}],"line":19}},"s":{"0":1,"1":1,"2":1,"3":1,"4":1,"5":1,"6":1,"7":1,"8":1,"9":1,"10":1,"11":1,"12":1,"13":1,"14":1,"15":1,"16":1,"17":0,"18":1},"f":{"0":1},"b":{"0":[1,0],"1":[1,1],"2":[1,0],"3":[1,0],"4":[2,1],"5":[1,0],"6":[1,0]},"_coverageSchema":"1a1c01bbd47fc00a2c39e90264f33305004495a9","hash":"39186e418b4511b20c0952aa108a62fea82b1fcb"}
,"/mnt/c/Users/STD/projects/codefellows/401/data-structures-and-algorithms/challenges/linked-list/lib/node.js": {"path":"/mnt/c/Users/STD/projects/codefellows/401/data-structures-and-algorithms/challenges/linked-list/lib/node.js","statementMap":{"0":{"start":{"line":5,"column":4},"end":{"line":5,"column":23}},"1":{"start":{"line":6,"column":4},"end":{"line":6,"column":21}},"2":{"start":{"line":10,"column":0},"end":{"line":10,"column":22}}},"fnMap":{"0":{"name":"(anonymous_0)","decl":{"start":{"line":4,"column":2},"end":{"line":4,"column":3}},"loc":{"start":{"line":4,"column":21},"end":{"line":7,"column":3}},"line":4}},"branchMap":{},"s":{"0":26,"1":26,"2":1},"f":{"0":26},"b":{},"_coverageSchema":"1a1c01bbd47fc00a2c39e90264f33305004495a9","hash":"57ac9c5f0e66b1b9c5b6197acf5db8b34712ba45"}
}
