TN:
SF:challenges/array-binary-search/lib/array-binary-search.js
FN:1,BinarySearch
FNF:1
FNH:1
FNDA:2,BinarySearch
DA:2,2
DA:3,10
DA:4,1
DA:7,1
DA:10,1
LF:5
LH:5
BRDA:3,0,0,1
BRDA:3,0,1,9
BRF:2
BRH:2
end_of_record
TN:
SF:challenges/arrayReverse/lib/array-reverse.js
FN:3,reverseArray
FNF:1
FNH:1
FNDA:1,reverseArray
DA:4,1
DA:5,1
DA:6,6
DA:8,1
DA:11,1
LF:5
LH:5
BRF:0
BRH:0
end_of_record
TN:
SF:challenges/arrayShift/lib/array-shift.js
FN:2,insertShiftArray
FNF:1
FNH:1
FNDA:6,insertShiftArray
DA:3,6
DA:4,6
DA:5,16
DA:7,6
DA:8,6
DA:9,6
DA:11,1
DA:12,1
DA:13,1
DA:15,1
LF:10
LH:10
BRF:0
BRH:0
end_of_record
TN:
SF:challenges/linked-list/lib/linked-list.js
FN:6,(anonymous_0)
FN:9,(anonymous_1)
FN:22,(anonymous_2)
FN:32,(anonymous_3)
FN:43,(anonymous_4)
FN:56,(anonymous_5)
FN:73,(anonymous_6)
FN:88,(anonymous_7)
FNF:8
FNH:8
FNDA:12,(anonymous_0)
FNDA:7,(anonymous_1)
FNDA:2,(anonymous_2)
FNDA:1,(anonymous_3)
FNDA:15,(anonymous_4)
FNDA:3,(anonymous_5)
FNDA:3,(anonymous_6)
FNDA:7,(anonymous_7)
DA:4,1
DA:7,12
DA:10,7
DA:11,7
DA:12,2
DA:13,2
DA:15,5
DA:16,5
DA:17,6
DA:19,5
DA:20,5
DA:23,2
DA:24,2
DA:25,2
DA:26,1
DA:28,1
DA:30,1
DA:33,1
DA:34,1
DA:35,1
DA:36,1
DA:37,1
DA:39,1
DA:40,1
DA:44,15
DA:45,15
DA:46,8
DA:47,8
DA:49,7
DA:50,7
DA:51,4
DA:53,7
DA:54,7
DA:57,3
DA:58,1
DA:59,2
DA:60,2
DA:61,2
DA:62,1
DA:63,1
DA:64,0
DA:65,0
DA:66,0
DA:67,0
DA:69,0
DA:71,1
DA:74,3
DA:75,1
DA:76,2
DA:77,2
DA:78,2
DA:79,2
DA:80,1
DA:81,1
DA:82,1
DA:84,1
DA:86,1
DA:89,7
DA:90,7
DA:91,7
DA:92,7
DA:93,23
DA:94,23
DA:96,7
DA:97,7
DA:98,3
DA:99,4
DA:100,4
DA:101,6
DA:102,6
DA:104,4
DA:108,1
LF:72
LH:67
BRDA:11,0,0,2
BRDA:11,0,1,5
BRDA:25,1,0,1
BRDA:25,1,1,1
BRDA:45,2,0,8
BRDA:45,2,1,7
BRDA:57,3,0,1
BRDA:57,3,1,2
BRDA:61,4,0,1
BRDA:61,4,1,1
BRDA:64,5,0,0
BRDA:64,5,1,0
BRDA:74,6,0,1
BRDA:74,6,1,2
BRDA:79,7,0,1
BRDA:79,7,1,1
BRDA:97,8,0,3
BRDA:97,8,1,4
BRDA:97,9,0,7
BRDA:97,9,1,5
BRF:20
BRH:18
end_of_record
TN:
SF:challenges/linked-list/lib/llmerge.js
FN:3,mergeLists
FNF:1
FNH:1
FNDA:1,mergeLists
DA:2,1
DA:4,1
DA:5,1
DA:6,1
DA:7,1
DA:9,1
DA:10,1
DA:12,1
DA:13,1
DA:14,1
DA:15,1
DA:16,1
DA:17,1
DA:19,1
DA:20,1
DA:21,1
DA:24,1
DA:27,0
DA:30,1
LF:19
LH:18
BRDA:4,0,0,1
BRDA:4,0,1,0
BRDA:4,1,0,1
BRDA:4,1,1,1
BRDA:6,2,0,1
BRDA:6,2,1,0
BRDA:9,3,0,1
BRDA:9,3,1,0
BRDA:14,4,0,2
BRDA:14,4,1,1
BRDA:15,5,0,1
BRDA:15,5,1,0
BRDA:19,6,0,1
BRDA:19,6,1,0
BRF:14
BRH:9
end_of_record
TN:
SF:challenges/linked-list/lib/node.js
FN:4,(anonymous_0)
FNF:1
FNH:1
FNDA:26,(anonymous_0)
DA:5,26
DA:6,26
DA:10,1
LF:3
LH:3
BRF:0
BRH:0
end_of_record
