TN:
SF:challenges/array-binary-search/lib/array-binary-search.js
FN:1,BinarySearch
FNF:1
FNH:1
FNDA:2,BinarySearch
DA:2,2
DA:3,10
DA:4,1
DA:7,1
DA:10,1
LF:5
LH:5
BRDA:3,0,0,1
BRDA:3,0,1,9
BRF:2
BRH:2
end_of_record
TN:
SF:challenges/arrayReverse/lib/array-reverse.js
FN:3,reverseArray
FNF:1
FNH:1
FNDA:1,reverseArray
DA:4,1
DA:5,1
DA:6,6
DA:8,1
DA:11,1
LF:5
LH:5
BRF:0
BRH:0
end_of_record
TN:
SF:challenges/arrayShift/lib/array-shift.js
FN:2,insertShiftArray
FNF:1
FNH:1
FNDA:6,insertShiftArray
DA:3,6
DA:4,6
DA:5,16
DA:7,6
DA:8,6
DA:9,6
DA:11,1
DA:12,1
DA:13,1
DA:15,1
LF:10
LH:10
BRF:0
BRH:0
end_of_record
TN:
SF:challenges/linked-list/lib/linked-list.js
FN:6,(anonymous_0)
FN:9,(anonymous_1)
FN:22,(anonymous_2)
FN:32,(anonymous_3)
FN:43,(anonymous_4)
FN:56,(anonymous_5)
FN:73,(anonymous_6)
FNF:7
FNH:7
FNDA:8,(anonymous_0)
FNDA:2,(anonymous_1)
FNDA:2,(anonymous_2)
FNDA:1,(anonymous_3)
FNDA:7,(anonymous_4)
FNDA:3,(anonymous_5)
FNDA:3,(anonymous_6)
DA:4,1
DA:7,8
DA:10,2
DA:11,2
DA:12,1
DA:13,1
DA:15,1
DA:16,1
DA:17,0
DA:19,1
DA:20,1
DA:23,2
DA:24,2
DA:25,2
DA:26,1
DA:28,1
DA:30,1
DA:33,1
DA:34,1
DA:35,1
DA:36,1
DA:37,1
DA:39,1
DA:40,1
DA:44,7
DA:45,7
DA:46,5
DA:47,5
DA:49,2
DA:50,2
DA:51,1
DA:53,2
DA:54,2
DA:57,3
DA:58,1
DA:59,2
DA:60,2
DA:61,2
DA:62,1
DA:63,1
DA:64,0
DA:65,0
DA:66,0
DA:67,0
DA:69,0
DA:71,1
DA:74,3
DA:75,1
DA:76,2
DA:77,2
DA:78,2
DA:79,2
DA:80,1
DA:81,1
DA:82,1
DA:84,1
DA:86,1
DA:89,1
LF:58
LH:52
BRDA:11,0,0,1
BRDA:11,0,1,1
BRDA:25,1,0,1
BRDA:25,1,1,1
BRDA:45,2,0,5
BRDA:45,2,1,2
BRDA:57,3,0,1
BRDA:57,3,1,2
BRDA:61,4,0,1
BRDA:61,4,1,1
BRDA:64,5,0,0
BRDA:64,5,1,0
BRDA:74,6,0,1
BRDA:74,6,1,2
BRDA:79,7,0,1
BRDA:79,7,1,1
BRF:16
BRH:14
end_of_record
TN:
SF:challenges/linked-list/lib/node.js
FN:4,(anonymous_0)
FNF:1
FNH:1
FNDA:13,(anonymous_0)
DA:5,13
DA:6,13
DA:10,1
LF:3
LH:3
BRF:0
BRH:0
end_of_record
